<?xml version="1.0" encoding="UTF-8"?>
<!-- Generated by org.testng.reporters.JUnitXMLReporter -->
<testsuite ignored="0" hostname="DESKTOP-A78IG0T" failures="0" tests="5" name="Default test" time="40.079" errors="0" timestamp="2023-05-30T14:08:44 IST">
  <testcase classname="summer1.TestRun" name="browser" time="4.513"/>
  <testcase classname="summer1.TestRun" name="url" time="32.92"/>
  <testcase classname="summer1.TestRun" name="click" time="1.143"/>
  <testcase classname="summer1.TestRun" name="click1" time="0.836"/>
  <testcase classname="summer1.TestRun" name="input" time="0.44"/>
</testsuite> <!-- Default test -->
